<!DOCTYPE html PUBLIC "-//W3C//DTD XHTML 1.1//EN" "http://www.w3.org/TR/xhtml11/DTD/xhtml11.dtd">
<html xmlns="http://www.w3.org/1999/xhtml"><head><title>TestNG Report</title><style type="text/css">table {margin-bottom:10px;border-collapse:collapse;empty-cells:show}th,td {border:1px solid #009;padding:.25em .5em}th {vertical-align:bottom}td {vertical-align:top}table a {font-weight:bold}.stripe td {background-color: #E6EBF9}.num {text-align:right}.passedodd td {background-color: #3F3}.passedeven td {background-color: #0A0}.skippedodd td {background-color: #DDD}.skippedeven td {background-color: #CCC}.failedodd td,.attn {background-color: #F33}.failedeven td,.stripe .attn {background-color: #D00}.stacktrace {white-space:pre;font-family:monospace}.totop {font-size:85%;text-align:center;border-bottom:2px solid #000}</style></head><body><table><tr><th>Test</th><th># Passed</th><th># Skipped</th><th># Failed</th><th>Time (ms)</th><th>Included Groups</th><th>Excluded Groups</th></tr><tr><th colspan="7">Test on Mac</th></tr><tr><td><a href="#t0">Website- Firefox</a></td><td class="num">3</td><td class="num">0</td><td class="num attn">7</td><td class="num">18,825</td><td></td><td></td></tr><tr class="stripe"><td><a href="#t1">Website- Chrome</a></td><td class="num">4</td><td class="num">0</td><td class="num attn">6</td><td class="num">14,377</td><td></td><td></td></tr><tr><th>Total</th><th class="num">7</th><th class="num">0</th><th class="num attn">13</th><th class="num">33,202</th><th colspan="2"></th></tr></table><table><thead><tr><th>Class</th><th>Method</th><th>Start</th><th>Time (ms)</th></tr></thead><tbody><tr><th colspan="4">Test on Mac</th></tr></tbody><tbody id="t0"><tr><th colspan="4">Website- Firefox &#8212; failed</th></tr><tr class="failedeven"><td rowspan="7">selenium.automation.testcase.AppTest</td><td><a href="#m0">TC10_checkOutUsingEnterKeyAction</a></td><td rowspan="1">1507530981272</td><td rowspan="1">1209</td></tr><tr class="failedeven"><td><a href="#m1">TC4_verifyCheckOutQuantity_negativeInput</a></td><td rowspan="1">1507530987420</td><td rowspan="1">892</td></tr><tr class="failedeven"><td><a href="#m2">TC5_verifyCheckOutQuantity_emptyStateInput</a></td><td rowspan="1">1507530988809</td><td rowspan="1">604</td></tr><tr class="failedeven"><td><a href="#m3">TC6_verifyCheckOutQuantity_emptyQuantityInput</a></td><td rowspan="1">1507530989956</td><td rowspan="1">963</td></tr><tr class="failedeven"><td><a href="#m4">TC7_verifyCheckOutQuantity_allEmptyInput</a></td><td rowspan="1">1507530991303</td><td rowspan="1">787</td></tr><tr class="failedeven"><td><a href="#m5">TC8_enterExcessQuantity</a></td><td rowspan="1">1507530992471</td><td rowspan="1">795</td></tr><tr class="failedeven"><td><a href="#m6">TC9_verifyCheckOutQuantity_alphaAndSpecialCharacter</a></td><td rowspan="1">1507530993622</td><td rowspan="1">848</td></tr><tr><th colspan="4">Website- Firefox &#8212; passed</th></tr><tr class="passedeven"><td rowspan="3">selenium.automation.testcase.AppTest</td><td><a href="#m7">TC1_verifyCheckOutQuantity_allValidInputs</a></td><td rowspan="1">1507530983142</td><td rowspan="1">1173</td></tr><tr class="passedeven"><td><a href="#m8">TC2_verifyCheckOutQuantity_oneValidInput</a></td><td rowspan="1">1507530984730</td><td rowspan="1">1154</td></tr><tr class="passedeven"><td><a href="#m9">TC3_verifyCheckOutQuantity_zeroQuantity</a></td><td rowspan="1">1507530986173</td><td rowspan="1">1025</td></tr></tbody><tbody id="t1"><tr><th colspan="4">Website- Chrome &#8212; failed</th></tr><tr class="failedeven"><td rowspan="6">selenium.automation.testcase.AppTest</td><td><a href="#m10">TC4_verifyCheckOutQuantity_negativeInput</a></td><td rowspan="1">1507531002075</td><td rowspan="1">583</td></tr><tr class="failedeven"><td><a href="#m11">TC5_verifyCheckOutQuantity_emptyStateInput</a></td><td rowspan="1">1507531003456</td><td rowspan="1">670</td></tr><tr class="failedeven"><td><a href="#m12">TC6_verifyCheckOutQuantity_emptyQuantityInput</a></td><td rowspan="1">1507531004675</td><td rowspan="1">581</td></tr><tr class="failedeven"><td><a href="#m13">TC7_verifyCheckOutQuantity_allEmptyInput</a></td><td rowspan="1">1507531005729</td><td rowspan="1">597</td></tr><tr class="failedeven"><td><a href="#m14">TC8_enterExcessQuantity</a></td><td rowspan="1">1507531006811</td><td rowspan="1">830</td></tr><tr class="failedeven"><td><a href="#m15">TC9_verifyCheckOutQuantity_alphaAndSpecialCharacter</a></td><td rowspan="1">1507531008132</td><td rowspan="1">657</td></tr><tr><th colspan="4">Website- Chrome &#8212; passed</th></tr><tr class="passedeven"><td rowspan="4">selenium.automation.testcase.AppTest</td><td><a href="#m16">TC10_checkOutUsingEnterKeyAction</a></td><td rowspan="1">1507530997509</td><td rowspan="1">1091</td></tr><tr class="passedeven"><td><a href="#m17">TC1_verifyCheckOutQuantity_allValidInputs</a></td><td rowspan="1">1507530998749</td><td rowspan="1">1035</td></tr><tr class="passedeven"><td><a href="#m18">TC2_verifyCheckOutQuantity_oneValidInput</a></td><td rowspan="1">1507530999932</td><td rowspan="1">871</td></tr><tr class="passedeven"><td><a href="#m19">TC3_verifyCheckOutQuantity_zeroQuantity</a></td><td rowspan="1">1507531000966</td><td rowspan="1">896</td></tr></tbody></table><h2>Website- Firefox</h2><h3 id="m0">selenium.automation.testcase.AppTest#TC10_checkOutUsingEnterKeyAction</h3><table class="result"><tr><th>Exception</th></tr><tr><td><div class="stacktrace">java.lang.AssertionError: expected [true] but found [false]
	at selenium.automation.page.CheckOutPage.verifyCheckOutPage(CheckOutPage.java:95)
	at selenium.automation.page.CheckOutPage.verifySubTotal(CheckOutPage.java:31)
	at selenium.automation.testcase.AppTest.TC10_checkOutUsingEnterKeyAction(AppTest.java:135)
	at java.util.concurrent.Executors$RunnableAdapter.call(Executors.java:511)
	at java.util.concurrent.FutureTask.run(FutureTask.java:266)
	at java.util.concurrent.ThreadPoolExecutor.runWorker(ThreadPoolExecutor.java:1142)
	at java.util.concurrent.ThreadPoolExecutor$Worker.run(ThreadPoolExecutor.java:617)
	at java.lang.Thread.run(Thread.java:745)
... Removed 11 stack frames</div></td></tr></table><p class="totop"><a href="#summary">back to summary</a></p><h3 id="m1">selenium.automation.testcase.AppTest#TC4_verifyCheckOutQuantity_negativeInput</h3><table class="result"><tr><th>Exception</th></tr><tr><td><div class="stacktrace">java.lang.AssertionError: expected [true] but found [false]
	at selenium.automation.testcase.AppTest.TC4_verifyCheckOutQuantity_negativeInput(AppTest.java:71)
	at java.util.concurrent.Executors$RunnableAdapter.call(Executors.java:511)
	at java.util.concurrent.FutureTask.run(FutureTask.java:266)
	at java.util.concurrent.ThreadPoolExecutor.runWorker(ThreadPoolExecutor.java:1142)
	at java.util.concurrent.ThreadPoolExecutor$Worker.run(ThreadPoolExecutor.java:617)
	at java.lang.Thread.run(Thread.java:745)
... Removed 11 stack frames</div></td></tr></table><p class="totop"><a href="#summary">back to summary</a></p><h3 id="m2">selenium.automation.testcase.AppTest#TC5_verifyCheckOutQuantity_emptyStateInput</h3><table class="result"><tr><th>Exception</th></tr><tr><td><div class="stacktrace">java.lang.AssertionError: expected [true] but found [false]
	at selenium.automation.page.CheckOutPage.verifyCheckOutPage(CheckOutPage.java:95)
	at selenium.automation.page.CheckOutPage.verifySubTotal(CheckOutPage.java:31)
	at selenium.automation.testcase.AppTest.TC5_verifyCheckOutQuantity_emptyStateInput(AppTest.java:79)
	at java.util.concurrent.Executors$RunnableAdapter.call(Executors.java:511)
	at java.util.concurrent.FutureTask.run(FutureTask.java:266)
	at java.util.concurrent.ThreadPoolExecutor.runWorker(ThreadPoolExecutor.java:1142)
	at java.util.concurrent.ThreadPoolExecutor$Worker.run(ThreadPoolExecutor.java:617)
	at java.lang.Thread.run(Thread.java:745)
... Removed 11 stack frames</div></td></tr></table><p class="totop"><a href="#summary">back to summary</a></p><h3 id="m3">selenium.automation.testcase.AppTest#TC6_verifyCheckOutQuantity_emptyQuantityInput</h3><table class="result"><tr><th>Exception</th></tr><tr><td><div class="stacktrace">java.lang.AssertionError: expected [true] but found [false]
	at selenium.automation.testcase.AppTest.TC6_verifyCheckOutQuantity_emptyQuantityInput(AppTest.java:93)
	at java.util.concurrent.Executors$RunnableAdapter.call(Executors.java:511)
	at java.util.concurrent.FutureTask.run(FutureTask.java:266)
	at java.util.concurrent.ThreadPoolExecutor.runWorker(ThreadPoolExecutor.java:1142)
	at java.util.concurrent.ThreadPoolExecutor$Worker.run(ThreadPoolExecutor.java:617)
	at java.lang.Thread.run(Thread.java:745)
... Removed 11 stack frames</div></td></tr></table><p class="totop"><a href="#summary">back to summary</a></p><h3 id="m4">selenium.automation.testcase.AppTest#TC7_verifyCheckOutQuantity_allEmptyInput</h3><table class="result"><tr><th>Exception</th></tr><tr><td><div class="stacktrace">java.lang.AssertionError: expected [true] but found [false]
	at selenium.automation.page.CheckOutPage.verifyCheckOutPage(CheckOutPage.java:95)
	at selenium.automation.page.CheckOutPage.verifySubTotal(CheckOutPage.java:31)
	at selenium.automation.testcase.AppTest.TC7_verifyCheckOutQuantity_allEmptyInput(AppTest.java:102)
	at java.util.concurrent.Executors$RunnableAdapter.call(Executors.java:511)
	at java.util.concurrent.FutureTask.run(FutureTask.java:266)
	at java.util.concurrent.ThreadPoolExecutor.runWorker(ThreadPoolExecutor.java:1142)
	at java.util.concurrent.ThreadPoolExecutor$Worker.run(ThreadPoolExecutor.java:617)
	at java.lang.Thread.run(Thread.java:745)
... Removed 11 stack frames</div></td></tr></table><p class="totop"><a href="#summary">back to summary</a></p><h3 id="m5">selenium.automation.testcase.AppTest#TC8_enterExcessQuantity</h3><table class="result"><tr><th>Exception</th></tr><tr><td><div class="stacktrace">java.lang.AssertionError: expected [true] but found [false]
	at selenium.automation.testcase.AppTest.TC8_enterExcessQuantity(AppTest.java:117)
	at java.util.concurrent.Executors$RunnableAdapter.call(Executors.java:511)
	at java.util.concurrent.FutureTask.run(FutureTask.java:266)
	at java.util.concurrent.ThreadPoolExecutor.runWorker(ThreadPoolExecutor.java:1142)
	at java.util.concurrent.ThreadPoolExecutor$Worker.run(ThreadPoolExecutor.java:617)
	at java.lang.Thread.run(Thread.java:745)
... Removed 11 stack frames</div></td></tr></table><p class="totop"><a href="#summary">back to summary</a></p><h3 id="m6">selenium.automation.testcase.AppTest#TC9_verifyCheckOutQuantity_alphaAndSpecialCharacter</h3><table class="result"><tr><th>Exception</th></tr><tr><td><div class="stacktrace">java.lang.AssertionError: expected [true] but found [false]
	at selenium.automation.testcase.AppTest.TC9_verifyCheckOutQuantity_alphaAndSpecialCharacter(AppTest.java:124)
	at java.util.concurrent.Executors$RunnableAdapter.call(Executors.java:511)
	at java.util.concurrent.FutureTask.run(FutureTask.java:266)
	at java.util.concurrent.ThreadPoolExecutor.runWorker(ThreadPoolExecutor.java:1142)
	at java.util.concurrent.ThreadPoolExecutor$Worker.run(ThreadPoolExecutor.java:617)
	at java.lang.Thread.run(Thread.java:745)
... Removed 11 stack frames</div></td></tr></table><p class="totop"><a href="#summary">back to summary</a></p><h3 id="m7">selenium.automation.testcase.AppTest#TC1_verifyCheckOutQuantity_allValidInputs</h3><table class="result"></table><p class="totop"><a href="#summary">back to summary</a></p><h3 id="m8">selenium.automation.testcase.AppTest#TC2_verifyCheckOutQuantity_oneValidInput</h3><table class="result"></table><p class="totop"><a href="#summary">back to summary</a></p><h3 id="m9">selenium.automation.testcase.AppTest#TC3_verifyCheckOutQuantity_zeroQuantity</h3><table class="result"></table><p class="totop"><a href="#summary">back to summary</a></p><h2>Website- Chrome</h2><h3 id="m10">selenium.automation.testcase.AppTest#TC4_verifyCheckOutQuantity_negativeInput</h3><table class="result"><tr><th>Exception</th></tr><tr><td><div class="stacktrace">java.lang.AssertionError: expected [true] but found [false]
	at selenium.automation.testcase.AppTest.TC4_verifyCheckOutQuantity_negativeInput(AppTest.java:71)
	at java.util.concurrent.Executors$RunnableAdapter.call(Executors.java:511)
	at java.util.concurrent.FutureTask.run(FutureTask.java:266)
	at java.util.concurrent.ThreadPoolExecutor.runWorker(ThreadPoolExecutor.java:1142)
	at java.util.concurrent.ThreadPoolExecutor$Worker.run(ThreadPoolExecutor.java:617)
	at java.lang.Thread.run(Thread.java:745)
... Removed 11 stack frames</div></td></tr></table><p class="totop"><a href="#summary">back to summary</a></p><h3 id="m11">selenium.automation.testcase.AppTest#TC5_verifyCheckOutQuantity_emptyStateInput</h3><table class="result"><tr><th>Exception</th></tr><tr><td><div class="stacktrace">java.lang.AssertionError: expected [true] but found [false]
	at selenium.automation.page.CheckOutPage.verifyCheckOutPage(CheckOutPage.java:95)
	at selenium.automation.page.CheckOutPage.verifySubTotal(CheckOutPage.java:31)
	at selenium.automation.testcase.AppTest.TC5_verifyCheckOutQuantity_emptyStateInput(AppTest.java:79)
	at java.util.concurrent.Executors$RunnableAdapter.call(Executors.java:511)
	at java.util.concurrent.FutureTask.run(FutureTask.java:266)
	at java.util.concurrent.ThreadPoolExecutor.runWorker(ThreadPoolExecutor.java:1142)
	at java.util.concurrent.ThreadPoolExecutor$Worker.run(ThreadPoolExecutor.java:617)
	at java.lang.Thread.run(Thread.java:745)
... Removed 11 stack frames</div></td></tr></table><p class="totop"><a href="#summary">back to summary</a></p><h3 id="m12">selenium.automation.testcase.AppTest#TC6_verifyCheckOutQuantity_emptyQuantityInput</h3><table class="result"><tr><th>Exception</th></tr><tr><td><div class="stacktrace">java.lang.AssertionError: expected [true] but found [false]
	at selenium.automation.testcase.AppTest.TC6_verifyCheckOutQuantity_emptyQuantityInput(AppTest.java:93)
	at java.util.concurrent.Executors$RunnableAdapter.call(Executors.java:511)
	at java.util.concurrent.FutureTask.run(FutureTask.java:266)
	at java.util.concurrent.ThreadPoolExecutor.runWorker(ThreadPoolExecutor.java:1142)
	at java.util.concurrent.ThreadPoolExecutor$Worker.run(ThreadPoolExecutor.java:617)
	at java.lang.Thread.run(Thread.java:745)
... Removed 11 stack frames</div></td></tr></table><p class="totop"><a href="#summary">back to summary</a></p><h3 id="m13">selenium.automation.testcase.AppTest#TC7_verifyCheckOutQuantity_allEmptyInput</h3><table class="result"><tr><th>Exception</th></tr><tr><td><div class="stacktrace">java.lang.AssertionError: expected [true] but found [false]
	at selenium.automation.page.CheckOutPage.verifyCheckOutPage(CheckOutPage.java:95)
	at selenium.automation.page.CheckOutPage.verifySubTotal(CheckOutPage.java:31)
	at selenium.automation.testcase.AppTest.TC7_verifyCheckOutQuantity_allEmptyInput(AppTest.java:102)
	at java.util.concurrent.Executors$RunnableAdapter.call(Executors.java:511)
	at java.util.concurrent.FutureTask.run(FutureTask.java:266)
	at java.util.concurrent.ThreadPoolExecutor.runWorker(ThreadPoolExecutor.java:1142)
	at java.util.concurrent.ThreadPoolExecutor$Worker.run(ThreadPoolExecutor.java:617)
	at java.lang.Thread.run(Thread.java:745)
... Removed 11 stack frames</div></td></tr></table><p class="totop"><a href="#summary">back to summary</a></p><h3 id="m14">selenium.automation.testcase.AppTest#TC8_enterExcessQuantity</h3><table class="result"><tr><th>Exception</th></tr><tr><td><div class="stacktrace">java.lang.AssertionError: expected [true] but found [false]
	at selenium.automation.testcase.AppTest.TC8_enterExcessQuantity(AppTest.java:117)
	at java.util.concurrent.Executors$RunnableAdapter.call(Executors.java:511)
	at java.util.concurrent.FutureTask.run(FutureTask.java:266)
	at java.util.concurrent.ThreadPoolExecutor.runWorker(ThreadPoolExecutor.java:1142)
	at java.util.concurrent.ThreadPoolExecutor$Worker.run(ThreadPoolExecutor.java:617)
	at java.lang.Thread.run(Thread.java:745)
... Removed 11 stack frames</div></td></tr></table><p class="totop"><a href="#summary">back to summary</a></p><h3 id="m15">selenium.automation.testcase.AppTest#TC9_verifyCheckOutQuantity_alphaAndSpecialCharacter</h3><table class="result"><tr><th>Exception</th></tr><tr><td><div class="stacktrace">java.lang.AssertionError: expected [true] but found [false]
	at selenium.automation.testcase.AppTest.TC9_verifyCheckOutQuantity_alphaAndSpecialCharacter(AppTest.java:124)
	at java.util.concurrent.Executors$RunnableAdapter.call(Executors.java:511)
	at java.util.concurrent.FutureTask.run(FutureTask.java:266)
	at java.util.concurrent.ThreadPoolExecutor.runWorker(ThreadPoolExecutor.java:1142)
	at java.util.concurrent.ThreadPoolExecutor$Worker.run(ThreadPoolExecutor.java:617)
	at java.lang.Thread.run(Thread.java:745)
... Removed 11 stack frames</div></td></tr></table><p class="totop"><a href="#summary">back to summary</a></p><h3 id="m16">selenium.automation.testcase.AppTest#TC10_checkOutUsingEnterKeyAction</h3><table class="result"></table><p class="totop"><a href="#summary">back to summary</a></p><h3 id="m17">selenium.automation.testcase.AppTest#TC1_verifyCheckOutQuantity_allValidInputs</h3><table class="result"></table><p class="totop"><a href="#summary">back to summary</a></p><h3 id="m18">selenium.automation.testcase.AppTest#TC2_verifyCheckOutQuantity_oneValidInput</h3><table class="result"></table><p class="totop"><a href="#summary">back to summary</a></p><h3 id="m19">selenium.automation.testcase.AppTest#TC3_verifyCheckOutQuantity_zeroQuantity</h3><table class="result"></table><p class="totop"><a href="#summary">back to summary</a></p></body></html>